2020-08-09 14:31:23.279  INFO 49244 --- [main] .a.s.SpringBoot03LoggingApplicationTests : Starting SpringBoot03LoggingApplicationTests on DESKTOP-51FNTFA with PID 49244 (started by ASUS in G:\IDEAWorkspace\spring-boot-03-logging)
2020-08-09 14:31:23.281 DEBUG 49244 --- [main] .a.s.SpringBoot03LoggingApplicationTests : Running with Spring Boot v2.3.2.RELEASE, Spring v5.2.8.RELEASE
2020-08-09 14:31:23.289  INFO 49244 --- [main] .a.s.SpringBoot03LoggingApplicationTests : No active profile set, falling back to default profiles: default
2020-08-09 14:31:26.866  INFO 49244 --- [main] o.s.s.concurrent.ThreadPoolTaskExecutor  : Initializing ExecutorService 'applicationTaskExecutor'
2020-08-09 14:31:27.392  INFO 49244 --- [main] .a.s.SpringBoot03LoggingApplicationTests : Started SpringBoot03LoggingApplicationTests in 4.97 seconds (JVM running for 7.395)
2020-08-09 14:31:27.745 TRACE 49244 --- [main] .a.s.SpringBoot03LoggingApplicationTests : 这是trace日志...
2020-08-09 14:31:27.745 DEBUG 49244 --- [main] .a.s.SpringBoot03LoggingApplicationTests : 这是debug日志...
2020-08-09 14:31:27.746  INFO 49244 --- [main] .a.s.SpringBoot03LoggingApplicationTests : 这是info日志...
2020-08-09 14:31:27.746  WARN 49244 --- [main] .a.s.SpringBoot03LoggingApplicationTests : 这是warn日志...
2020-08-09 14:31:27.746 ERROR 49244 --- [main] .a.s.SpringBoot03LoggingApplicationTests : 这是error日志...
2020-08-09 14:31:27.770  INFO 49244 --- [SpringContextShutdownHook] o.s.s.concurrent.ThreadPoolTaskExecutor  : Shutting down ExecutorService 'applicationTaskExecutor'
2020-08-09 14:33:40.597  INFO 59008 --- [main] .a.s.SpringBoot03LoggingApplicationTests : Starting SpringBoot03LoggingApplicationTests on DESKTOP-51FNTFA with PID 59008 (started by ASUS in G:\IDEAWorkspace\spring-boot-03-logging)
2020-08-09 14:33:40.663 DEBUG 59008 --- [main] .a.s.SpringBoot03LoggingApplicationTests : Running with Spring Boot v2.3.2.RELEASE, Spring v5.2.8.RELEASE
2020-08-09 14:33:40.665  INFO 59008 --- [main] .a.s.SpringBoot03LoggingApplicationTests : No active profile set, falling back to default profiles: default
2020-08-09 14:33:43.576  INFO 59008 --- [main] o.s.s.concurrent.ThreadPoolTaskExecutor  : Initializing ExecutorService 'applicationTaskExecutor'
2020-08-09 14:33:44.027  INFO 59008 --- [main] .a.s.SpringBoot03LoggingApplicationTests : Started SpringBoot03LoggingApplicationTests in 4.229 seconds (JVM running for 6.532)
2020-08-09 14:33:44.356 TRACE 59008 --- [main] .a.s.SpringBoot03LoggingApplicationTests : 这是trace日志...
2020-08-09 14:33:44.357 DEBUG 59008 --- [main] .a.s.SpringBoot03LoggingApplicationTests : 这是debug日志...
2020-08-09 14:33:44.357  INFO 59008 --- [main] .a.s.SpringBoot03LoggingApplicationTests : 这是info日志...
2020-08-09 14:33:44.358  WARN 59008 --- [main] .a.s.SpringBoot03LoggingApplicationTests : 这是warn日志...
2020-08-09 14:33:44.359 ERROR 59008 --- [main] .a.s.SpringBoot03LoggingApplicationTests : 这是error日志...
2020-08-09 14:33:44.395  INFO 59008 --- [SpringContextShutdownHook] o.s.s.concurrent.ThreadPoolTaskExecutor  : Shutting down ExecutorService 'applicationTaskExecutor'
